#
# A fatal error has been detected by the Java Runtime Environment:
#
#  Internal Error (os_windows_x86.cpp:114), pid=6336, tid=4740
#  Error: guarantee(result == -1,"Unexpected result from topLevelExceptionFilter")
#
# JRE version: 6.0_17-b04
# Java VM: Java HotSpot(TM) 64-Bit Server VM (14.3-b01 mixed mode windows-amd64 )
# If you would like to submit a bug report, please visit:
#   http://java.sun.com/webapps/bugreport/crash.jsp
# The crash happened outside the Java Virtual Machine in native code.
# See problematic frame for where to report the bug.
#

---------------  T H R E A D  ---------------

Current thread (0x0000000005e8f800):  JavaThread "main" [_thread_in_native, id=4740, stack(0x0000000000130000,0x0000000004130000)]

Stack: [0x0000000000130000,0x0000000004130000]
[error occurred during error reporting (printing stack bounds), id 0xc0000005]

Java frames: (J=compiled Java code, j=interpreted, Vv=VM code)
j  com.mathworks.jmi.NativeMatlab.ProcessPendingEvents()Z+0
j  com.mathworks.jmi.NativeMatlab.processPendingEvents()Z+8
j  com.mathworks.jmi.Matlab$ProcessPendingEvents.callBooleanMethod(Ljava/lang/Object;)Z+0
j  com.mathworks.util.FactoryUtils.processPendingEvents()Z+12
j  com.mathworks.mde.desk.MLDesktop.canClose()Z+84
j  com.mathworks.mde.desk.MLDesktop$2.call()Ljava/lang/Boolean;+4
j  com.mathworks.mde.desk.MLDesktop$2.call()Ljava/lang/Object;+1
j  com.mathworks.jmi.Matlab.isOkToExit()Z+54
v  ~StubRoutines::call_stub
j  com.mathworks.jmi.NativeMatlab.SendMatlabMessage(Ljava/lang/Object;)Ljava/lang/Object;+0
j  com.mathworks.jmi.NativeMatlab.sendMatlabMessage(Ljava/lang/Object;)Ljava/lang/Object;+22
j  com.mathworks.jmi.MatlabLooper.sendMatlabMessage(Lcom/mathworks/services/message/MWMessage;)Ljava/lang/Object;+20
j  com.mathworks.jmi.Matlab.mtFevalConsoleOutput(Ljava/lang/String;[Ljava/lang/Object;I)Ljava/lang/Object;+58
j  com.mathworks.mde.desk.MLDesktop$8.run()V+14
j  com.mathworks.jmi.NativeMatlab.dispatchMTRequests(Z)V+57
v  ~StubRoutines::call_stub

---------------  P R O C E S S  ---------------

Java Threads: ( => current thread )
  0x000000000efda800 JavaThread "Swing-Shell" daemon [_thread_blocked, id=7156, stack(0x000000001cd60000,0x000000001cde0000)]
  0x00000000614a6000 JavaThread "Timer-26" daemon [_thread_blocked, id=4972, stack(0x00000000150a0000,0x0000000015120000)]
  0x00000000614a0800 JavaThread "Main message loop" daemon [_thread_in_native, id=3620, stack(0x0000000018450000,0x00000000184d0000)]
  0x00000000614a1000 JavaThread "com.jniwrapper.NativeResourceCollector" daemon [_thread_blocked, id=3188, stack(0x0000000016e80000,0x0000000016f00000)]
  0x00000000614a5800 JavaThread "Timer-InstrumentReadWritePoll" [_thread_blocked, id=4816, stack(0x0000000030f80000,0x0000000031000000)]
  0x00000000614a4000 JavaThread "pool-1-thread-1" [_thread_blocked, id=6832, stack(0x0000000030140000,0x00000000301c0000)]
  0x000000006149a000 JavaThread "Prefs Updater" daemon [_thread_blocked, id=3924, stack(0x000000002fe40000,0x000000002fec0000)]
  0x00000000614a4800 JavaThread "pool-4-thread-1" [_thread_blocked, id=6132, stack(0x000000002ff30000,0x000000002ffb0000)]
  0x000000006149a800 JavaThread "Foxtrot Multi Worker Thread Runner #1" daemon [_thread_blocked, id=6028, stack(0x000000002f1b0000,0x000000002f230000)]
  0x000000006149f800 JavaThread "Active Reference Queue Daemon" daemon [_thread_blocked, id=3180, stack(0x0000000050fa0000,0x0000000051020000)]
  0x000000006149f000 JavaThread "Timer-5" daemon [_thread_blocked, id=6016, stack(0x000000004ce50000,0x000000004ced0000)]
  0x000000006149e000 JavaThread "Timer-4" daemon [_thread_blocked, id=6136, stack(0x0000000010e60000,0x0000000010ee0000)]
  0x000000006149d800 JavaThread "Explorer NavigationContext request queue" [_thread_blocked, id=5464, stack(0x000000002d7c0000,0x000000002d840000)]
  0x000000006149c000 JavaThread "AddressBar directory emptiness poller" [_thread_blocked, id=4572, stack(0x0000000029680000,0x0000000029700000)]
  0x000000006149b000 JavaThread "Explorer Refresh Service 104446365" [_thread_blocked, id=6400, stack(0x00000000295d0000,0x0000000029650000)]
  0x0000000061499000 JavaThread "TimerQueue" daemon [_thread_blocked, id=6532, stack(0x000000000f940000,0x000000000f9c0000)]
  0x0000000061498800 JavaThread "Thread-5" daemon [_thread_blocked, id=6228, stack(0x000000000fab0000,0x000000000fb30000)]
  0x0000000061497800 JavaThread "FelixPackageAdmin" daemon [_thread_blocked, id=2848, stack(0x000000000fb40000,0x000000000fbc0000)]
  0x0000000061507800 JavaThread "FelixStartLevel" daemon [_thread_blocked, id=6852, stack(0x000000000f9f0000,0x000000000fa70000)]
  0x00000000612e4800 JavaThread "FelixDispatchQueue" daemon [_thread_blocked, id=6260, stack(0x000000000f720000,0x000000000f7a0000)]
  0x000000000f192800 JavaThread "AWT-EventQueue-0" [_thread_in_native, id=5460, stack(0x000000000f670000,0x000000000f6f0000)]
  0x000000006129b000 JavaThread "com.google.common.base.internal.Finalizer" daemon [_thread_blocked, id=6776, stack(0x000000000f530000,0x000000000f5b0000)]
  0x000000000f0c1800 JavaThread "AWT-Windows" daemon [_thread_in_native, id=6252, stack(0x000000000f400000,0x000000000f480000)]
  0x000000000e1cb800 JavaThread "AWT-Shutdown" [_thread_blocked, id=4336, stack(0x000000000e430000,0x000000000e4b0000)]
  0x000000006129d000 JavaThread "Java2D Disposer" daemon [_thread_blocked, id=6472, stack(0x000000000f330000,0x000000000f3b0000)]
  0x000000000ee4f800 JavaThread "Timer-0" [_thread_blocked, id=5836, stack(0x000000000f240000,0x000000000f2c0000)]
  0x000000000ee70800 JavaThread "EventMgr Dispatcher" daemon [_thread_in_native, id=5628, stack(0x0000000008af0000,0x000000000caf0000)]
  0x000000000e227000 JavaThread "Low Memory Detector" daemon [_thread_blocked, id=4552, stack(0x000000000e520000,0x000000000e5a0000)]
  0x000000000e220800 JavaThread "CompilerThread1" daemon [_thread_blocked, id=6864, stack(0x0000000088240000,0x000000008c240000)]
  0x000000000e21a000 JavaThread "CompilerThread0" daemon [_thread_blocked, id=7084, stack(0x0000000084090000,0x0000000088090000)]
  0x000000000e219800 JavaThread "Attach Listener" daemon [_thread_blocked, id=4556, stack(0x000000000e280000,0x000000000e300000)]
  0x000000000e1c0800 JavaThread "Finalizer" daemon [_thread_blocked, id=2448, stack(0x000000000e390000,0x000000000e410000)]
  0x000000000e1b6800 JavaThread "Reference Handler" daemon [_thread_blocked, id=6744, stack(0x000000000df20000,0x000000000dfa0000)]
=>0x0000000005e8f800 JavaThread "main" [_thread_in_native, id=4740, stack(0x0000000000130000,0x0000000004130000)]

Other Threads:
  0x0000000005f8f800 VMThread [stack: 0x0000000080000000,0x0000000084000000] [id=3104]
  0x000000000e23c000 WatcherThread [stack: 0x000000008c430000,0x0000000090430000] [id=5684]

VM state:not at safepoint (normal execution)

VM Mutex/Monitor currently owned by a thread: None

Heap
 PSYoungGen      total 15808K, used 13288K [0x0000000045c20000, 0x0000000046e90000, 0x0000000048d20000)
  eden space 13120K, 91% used [0x0000000045c20000,0x00000000467d5290,0x00000000468f0000)
  from space 2688K, 48% used [0x0000000046bf0000,0x0000000046d35088,0x0000000046e90000)
  to   space 2880K, 0% used [0x00000000468f0000,0x00000000468f0000,0x0000000046bc0000)
 PSOldGen        total 94272K, used 55978K [0x000000003c920000, 0x0000000042530000, 0x0000000045c20000)
  object space 94272K, 59% used [0x000000003c920000,0x000000003ffca9a8,0x0000000042530000)
 PSPermGen       total 128192K, used 78188K [0x0000000034920000, 0x000000003c650000, 0x000000003c920000)
  object space 128192K, 60% used [0x0000000034920000,0x000000003957b3a8,0x000000003c650000)

Dynamic libraries:
0x000000013fc20000 - 0x000000013fc4d000 	C:\Program Files\MATLAB\R2012b\bin\win64\MATLAB.exe
0x0000000077280000 - 0x0000000077429000 	C:\Windows\SYSTEM32\ntdll.dll
0x0000000077060000 - 0x000000007717f000 	C:\Windows\system32\kernel32.dll
0x000007fefd330000 - 0x000007fefd39b000 	C:\Windows\system32\KERNELBASE.dll
0x0000000074dd0000 - 0x0000000074e65000 	C:\Windows\System32\SYSFER.DLL
0x0000000074460000 - 0x000000007451f000 	C:\Program Files\MATLAB\R2012b\bin\win64\libut.dll
0x00000000758a0000 - 0x000000007595c000 	C:\Program Files\MATLAB\R2012b\bin\win64\libmwi18n.dll
0x0000000180000000 - 0x000000018000b000 	C:\Program Files\MATLAB\R2012b\bin\win64\libmwresource_core.dll
0x000000006fea0000 - 0x000000006ff73000 	C:\Windows\WinSxS\amd64_microsoft.vc90.crt_1fc8b3b9a1e18e3b_9.0.30729.6161_none_08e61857a83bc251\MSVCP90.dll
0x0000000071360000 - 0x0000000071403000 	C:\Windows\WinSxS\amd64_microsoft.vc90.crt_1fc8b3b9a1e18e3b_9.0.30729.6161_none_08e61857a83bc251\MSVCR90.dll
0x000000007a170000 - 0x000000007a19c000 	C:\Program Files\MATLAB\R2012b\bin\win64\boost_filesystem-vc90-mt-1_44.dll
0x000000007a560000 - 0x000000007a569000 	C:\Program Files\MATLAB\R2012b\bin\win64\boost_system-vc90-mt-1_44.dll
0x000007fefd810000 - 0x000007fefd8eb000 	C:\Windows\system32\ADVAPI32.dll
0x000007fefd910000 - 0x000007fefd9af000 	C:\Windows\system32\msvcrt.dll
0x000007fefdea0000 - 0x000007fefdebf000 	C:\Windows\SYSTEM32\sechost.dll
0x000007fefdb90000 - 0x000007fefdcbd000 	C:\Windows\system32\RPCRT4.dll
0x000000007a010000 - 0x000000007a035000 	C:\Program Files\MATLAB\R2012b\bin\win64\LIBEXPAT.dll
0x000000006d3b0000 - 0x000000006d5a1000 	C:\Program Files\MATLAB\R2012b\bin\win64\icuin44.dll
0x000000006d850000 - 0x000000006d9c1000 	C:\Program Files\MATLAB\R2012b\bin\win64\icuuc44.dll
0x0000000010000000 - 0x0000000010e41000 	C:\Program Files\MATLAB\R2012b\bin\win64\icudt44.dll
0x0000000073f70000 - 0x000000007411d000 	C:\Program Files\MATLAB\R2012b\bin\win64\libmwfl.dll
0x00000000042f0000 - 0x00000000046a6000 	C:\Program Files\MATLAB\R2012b\bin\win64\libmwMATLAB_res.dll
0x000000007a3b0000 - 0x000000007a3c0000 	C:\Program Files\MATLAB\R2012b\bin\win64\boost_date_time-vc90-mt-1_44.dll
0x000000007a250000 - 0x000000007a263000 	C:\Program Files\MATLAB\R2012b\bin\win64\boost_signals-vc90-mt-1_44.dll
0x000000007a2d0000 - 0x000000007a2e2000 	C:\Program Files\MATLAB\R2012b\bin\win64\boost_thread-vc90-mt-1_44.dll
0x00000000046b0000 - 0x000000000476d000 	C:\Program Files\MATLAB\R2012b\bin\win64\boost_log-vc90-mt-1_44.dll
0x0000000077450000 - 0x0000000077457000 	C:\Windows\system32\PSAPI.DLL
0x000007fefd740000 - 0x000007fefd78d000 	C:\Windows\system32\WS2_32.dll
0x000007fefd8f0000 - 0x000007fefd8f8000 	C:\Windows\system32\NSI.dll
0x0000000004770000 - 0x00000000047b6000 	C:\Program Files\MATLAB\R2012b\bin\win64\tbb.dll
0x000007feff450000 - 0x000007feff469000 	C:\Windows\system32\imagehlp.dll
0x0000000074b70000 - 0x0000000074b83000 	C:\Program Files\MATLAB\R2012b\bin\win64\icuio44.dll
0x000007fef5920000 - 0x000007fef5a45000 	C:\Windows\system32\dbghelp.dll
0x0000000077180000 - 0x000000007727a000 	C:\Windows\system32\USER32.dll
0x000007fefdb20000 - 0x000007fefdb87000 	C:\Windows\system32\GDI32.dll
0x000007fefd900000 - 0x000007fefd90e000 	C:\Windows\system32\LPK.dll
0x000007fefd9b0000 - 0x000007fefda79000 	C:\Windows\system32\USP10.dll
0x00000000047c0000 - 0x0000000004a9c000 	C:\Program Files\MATLAB\R2012b\bin\win64\libmwservices.dll
0x0000000075a20000 - 0x0000000075af3000 	C:\Program Files\MATLAB\R2012b\bin\win64\libmx.dll
0x0000000004ac0000 - 0x0000000004ae9000 	C:\Program Files\MATLAB\R2012b\bin\win64\tbbmalloc.dll
0x000000007a210000 - 0x000000007a228000 	C:\Program Files\MATLAB\R2012b\bin\win64\zlib1.dll
0x0000000004b10000 - 0x0000000004b5d000 	C:\Program Files\MATLAB\R2012b\bin\win64\libmwregexp.dll
0x0000000004b70000 - 0x0000000004b93000 	C:\Program Files\MATLAB\R2012b\bin\win64\libmwmfl_scalar.dll
0x0000000075f10000 - 0x0000000075f60000 	C:\Program Files\MATLAB\R2012b\bin\win64\mpath.dll
0x000000007b680000 - 0x000000007bc9a000 	C:\Program Files\MATLAB\R2012b\bin\win64\mlutil.dll
0x00000000754d0000 - 0x0000000075551000 	C:\Program Files\MATLAB\R2012b\bin\win64\xmlcore.dll
0x0000000004be0000 - 0x0000000004e33000 	C:\Program Files\MATLAB\R2012b\bin\win64\xerces-c_2_7.dll
0x0000000004e50000 - 0x0000000004e70000 	C:\Program Files\MATLAB\R2012b\bin\win64\libmwMATLAB_settings_res.dll
0x0000000004e80000 - 0x0000000004e90000 	C:\Program Files\MATLAB\R2012b\bin\win64\boost_iostreams-vc90-mt-1_44.dll
0x0000000004ea0000 - 0x0000000004ee7000 	C:\Program Files\MATLAB\R2012b\bin\win64\boost_serialization-vc90-mt-1_44.dll
0x000007fefe580000 - 0x000007feff308000 	C:\Windows\system32\SHELL32.dll
0x000007feff470000 - 0x000007feff4e1000 	C:\Windows\system32\SHLWAPI.dll
0x000007fef9780000 - 0x000007fef9820000 	C:\Windows\WinSxS\amd64_microsoft.windows.common-controls_6595b64144ccf1df_5.82.7601.18201_none_a4d3b9377117c3df\COMCTL32.dll
0x000007feff4f0000 - 0x000007feff587000 	C:\Windows\system32\COMDLG32.dll
0x000007fefb350000 - 0x000007fefb366000 	C:\Windows\system32\NETAPI32.dll
0x000007fefb340000 - 0x000007fefb34c000 	C:\Windows\system32\netutils.dll
0x000007fefcc40000 - 0x000007fefcc63000 	C:\Windows\system32\srvcli.dll
0x000007fefb320000 - 0x000007fefb335000 	C:\Windows\system32\wkscli.dll
0x000007fefe260000 - 0x000007fefe463000 	C:\Windows\system32\ole32.dll
0x000007feff310000 - 0x000007feff3e7000 	C:\Windows\system32\OLEAUT32.dll
0x0000000074970000 - 0x0000000074a31000 	C:\Program Files\MATLAB\R2012b\bin\win64\mcr.dll
0x0000000075000000 - 0x00000000753e9000 	C:\Program Files\MATLAB\R2012b\bin\win64\iqm.dll
0x0000000074e80000 - 0x0000000074f38000 	C:\Program Files\MATLAB\R2012b\bin\win64\m_dispatcher.dll
0x0000000074880000 - 0x000000007496d000 	C:\Program Files\MATLAB\R2012b\bin\win64\boost_regex-vc90-mt-1_44.dll
0x000007feeefd0000 - 0x000007feef841000 	C:\Program Files\MATLAB\R2012b\bin\win64\m_interpreter.dll
0x000000006dfd0000 - 0x000000006dff7000 	C:\Program Files\MATLAB\R2012b\bin\win64\libmex.dll
0x000000006d320000 - 0x000000006d3a4000 	C:\Program Files\MATLAB\R2012b\bin\win64\profiler.dll
0x0000000004f70000 - 0x00000000051da000 	C:\Program Files\MATLAB\R2012b\bin\win64\libmwmathutil.dll
0x0000000079f40000 - 0x0000000079f6e000 	C:\Program Files\MATLAB\R2012b\bin\win64\libmwmathrng.dll
0x0000000005200000 - 0x0000000005212000 	C:\Program Files\MATLAB\R2012b\bin\win64\libmwmfl_rng.dll
0x0000000074c10000 - 0x0000000074cee000 	C:\Program Files\MATLAB\R2012b\bin\win64\libmwmathcore.dll
0x0000000076160000 - 0x00000000761ca000 	C:\Program Files\MATLAB\R2012b\bin\win64\libmwspmatrix.dll
0x0000000075ea0000 - 0x0000000075f02000 	C:\Program Files\MATLAB\R2012b\bin\win64\libmwcholmod.dll
0x000000007a460000 - 0x000000007a46d000 	C:\Program Files\MATLAB\R2012b\bin\win64\libmwamd.dll
0x000000007a4b0000 - 0x000000007a4bc000 	C:\Program Files\MATLAB\R2012b\bin\win64\libmwcolamd.dll
0x000000007a290000 - 0x000000007a2a9000 	C:\Program Files\MATLAB\R2012b\bin\win64\libmwblas.dll
0x000000007a310000 - 0x000000007a321000 	C:\Program Files\MATLAB\R2012b\bin\win64\libmwbinder.dll
0x000000007a4d0000 - 0x000000007a4dc000 	C:\Program Files\MATLAB\R2012b\bin\win64\libmwompwrapper.dll
0x00000000052b0000 - 0x0000000005335000 	C:\Program Files\MATLAB\R2012b\bin\win64\libmwlapack.dll
0x000000006df40000 - 0x000000006df61000 	C:\Program Files\MATLAB\R2012b\bin\win64\m_pcodeio.dll
0x0000000079b10000 - 0x0000000079b77000 	C:\Program Files\MATLAB\R2012b\bin\win64\m_ir.dll
0x000000006ccb0000 - 0x000000006d320000 	C:\Program Files\MATLAB\R2012b\bin\win64\m_parser.dll
0x0000000074b90000 - 0x0000000074baa000 	C:\Program Files\MATLAB\R2012b\bin\win64\ir_xfmr.dll
0x000007feedf30000 - 0x000007feee1c6000 	C:\Program Files\MATLAB\R2012b\bin\win64\mcos.dll
0x0000000072490000 - 0x00000000724a1000 	C:\Program Files\MATLAB\R2012b\bin\win64\mtok.dll
0x000000006df00000 - 0x000000006df31000 	C:\Program Files\MATLAB\R2012b\bin\win64\m_pcodegen.dll
0x0000000079fb0000 - 0x0000000079fe6000 	C:\Program Files\MATLAB\R2012b\bin\win64\libmwbridge.dll
0x000000006cbe0000 - 0x000000006cca8000 	C:\Program Files\MATLAB\R2012b\bin\win64\udd.dll
0x000000006ca80000 - 0x000000006cbd2000 	C:\Program Files\MATLAB\R2012b\bin\win64\libmwgui.dll
0x000000006dee0000 - 0x000000006def7000 	C:\Program Files\MATLAB\R2012b\bin\win64\graphics_util.dll
0x000000006c020000 - 0x000000006ca7f000 	C:\Program Files\MATLAB\R2012b\bin\win64\hg.dll
0x0000000005410000 - 0x0000000005478000 	C:\Program Files\MATLAB\R2012b\bin\win64\libmat.dll
0x0000000072d30000 - 0x0000000072f44000 	C:\Program Files\MATLAB\R2012b\bin\win64\hdf5dll.dll
0x0000000075710000 - 0x00000000757de000 	C:\Program Files\MATLAB\R2012b\bin\win64\jmi.dll
0x00000000054b0000 - 0x00000000054bd000 	C:\Program Files\MATLAB\R2012b\bin\win64\nativejava_services.dll
0x000000006d800000 - 0x000000006d846000 	C:\Program Files\MATLAB\R2012b\bin\win64\libmwhardcopy.dll
0x000000006bfb0000 - 0x000000006c013000 	C:\Program Files\MATLAB\R2012b\bin\win64\libuij.dll
0x000000006bd40000 - 0x000000006bfa4000 	C:\Program Files\MATLAB\R2012b\bin\win64\hgdatatypes.dll
0x000000006bc20000 - 0x000000006bd3f000 	C:\Program Files\MATLAB\R2012b\bin\win64\hgutils.dll
0x000000006b820000 - 0x000000006b8e0000 	C:\Program Files\MATLAB\R2012b\bin\win64\udd_mi.dll
0x0000000005520000 - 0x000000000555b000 	C:\Program Files\MATLAB\R2012b\bin\win64\libmwgbtutils.dll
0x0000000005570000 - 0x000000000558b000 	C:\Program Files\MATLAB\R2012b\bin\win64\libmwgbt.dll
0x00000000055a0000 - 0x0000000005871000 	C:\Program Files\MATLAB\R2012b\bin\win64\uiw.dll
0x0000000074b60000 - 0x0000000074b6f000 	C:\Program Files\MATLAB\R2012b\bin\win64\uinone.dll
0x00000000058a0000 - 0x00000000058c9000 	C:\Program Files\MATLAB\R2012b\bin\win64\libmwnativefiledialogs.dll
0x00000000058e0000 - 0x00000000058e8000 	C:\Program Files\MATLAB\R2012b\bin\win64\libmwplatform_res.dll
0x000007fef5fb0000 - 0x000007fef5fc8000 	C:\Windows\system32\MPR.dll
0x000000006f440000 - 0x000000006f924000 	C:\Windows\WinSxS\amd64_microsoft.vc90.mfc_1fc8b3b9a1e18e3b_9.0.30729.6161_none_044aad0bab1eb146\mfc90.dll
0x000007fef9d70000 - 0x000007fef9d77000 	C:\Windows\system32\MSIMG32.dll
0x000007fef9700000 - 0x000007fef9771000 	C:\Windows\system32\WINSPOOL.DRV
0x000000006deb0000 - 0x000000006ded2000 	C:\Program Files\MATLAB\R2012b\bin\win64\mwoles05.DLL
0x000000006bba0000 - 0x000000006bc1d000 	C:\Program Files\MATLAB\R2012b\bin\win64\comcli.dll
0x000000006e7c0000 - 0x000000006e7ef000 	C:\Windows\WinSxS\amd64_microsoft.vc90.atl_1fc8b3b9a1e18e3b_9.0.30729.6161_none_0a1fd3a3a768b895\ATL90.DLL
0x0000000070bc0000 - 0x0000000070bcc000 	C:\Program Files\MATLAB\R2012b\bin\win64\mlautoregister.dll
0x000007fefcec0000 - 0x000007fefcf17000 	C:\Windows\system32\apphelp.dll
0x000007fef06a0000 - 0x000007fef06f1000 	C:\Windows\AppPatch\AppPatch64\AcGenral.DLL
0x000007fefce90000 - 0x000007fefceb5000 	C:\Windows\system32\SspiCli.dll
0x00000000725c0000 - 0x00000000725c3000 	C:\Windows\system32\sfc.dll
0x000007fef89b0000 - 0x000007fef89c0000 	C:\Windows\system32\sfc_os.DLL
0x000007fefc370000 - 0x000007fefc38e000 	C:\Windows\system32\USERENV.dll
0x000007fefd030000 - 0x000007fefd03f000 	C:\Windows\system32\profapi.dll
0x000007fefb640000 - 0x000007fefb658000 	C:\Windows\system32\dwmapi.dll
0x000007fefd460000 - 0x000007fefd48e000 	C:\Windows\system32\IMM32.DLL
0x000007fefe470000 - 0x000007fefe579000 	C:\Windows\system32\MSCTF.dll
0x000007fefba70000 - 0x000007fefbac6000 	C:\Windows\system32\UxTheme.dll
0x000000006f430000 - 0x000000006f43d000 	C:\Windows\WinSxS\amd64_microsoft.vc90.mfcloc_1fc8b3b9a1e18e3b_9.0.30729.6161_none_01c9581e60cbee58\MFC90ENU.DLL
0x0000000005dc0000 - 0x0000000005dcf000 	C:\Program Files\MATLAB\R2012b\bin\win64\xmlxrcsc.dll
0x000007fefcf20000 - 0x000007fefcf2f000 	C:\Windows\system32\CRYPTBASE.dll

VM Arguments:
jvm_args: -Xss512k -XX:PermSize=32m -Xms64m -XX:NewRatio=3 -XX:MaxPermSize=128m -Xmx196m -XX:MaxDirectMemorySize=2147400000 -Dsun.java2d.noddraw=true -Dsun.awt.nopixfmt=true -Xshare:off -Xrs -Dsun.awt.disableMixing=true -Djava.library.path=C:\Program Files\MATLAB\R2012b\bin\win64;C:\Program Files\MATLAB\R2012b\sys\jxbrowser\win64\lib vfprintf abort 
java_command: <unknown>
Launcher Type: generic

Environment Variables:
PATH=C:\Windows\system32;C:\Windows;C:\Windows\System32\Wbem;C:\Windows\System32\WindowsPowerShell\v1.0\;C:\Program Files\MATLAB\R2012b\bin;C:\Program Files\IVI Foundation\VISA\Win64\Bin\;C:\Program Files (x86)\IVI Foundation\VISA\WinNT\Bin\;C:\Program Files (x86)\IVI Foundation\VISA\WinNT\Bin;C:\Program Files\Microsoft Windows Performance Toolkit\;C:\Anaconda;C:\Anaconda\Scripts
USERNAME=qlab
OS=Windows_NT
PROCESSOR_IDENTIFIER=Intel64 Family 6 Model 42 Stepping 7, GenuineIntel



---------------  S Y S T E M  ---------------

OS: Windows 7 Build 7601 Service Pack 1

CPU:total 8 (8 cores per cpu, 2 threads per core) family 6 model 42 stepping 7, cmov, cx8, fxsr, mmx, sse, sse2, sse3, ssse3, sse4.1, sse4.2, ht

Memory: 4k page, physical 16750776k(13683764k free), swap 33499688k(29772324k free)

vm_info: Java HotSpot(TM) 64-Bit Server VM (14.3-b01) for windows-amd64 JRE (1.6.0_17-b04), built on Oct 11 2009 00:46:08 by "java_re" with MS VC++ 8.0

time: Fri Jun 27 12:30:26 2014
elapsed time: 324959 seconds

